Tokenizing...
empty object: [
  {
    kind: "{",
    value: "{",
    start: 0,
    end: 1,
    line: 1,
    column: 1,
  }, {
    kind: "}",
    value: "}",
    start: 1,
    end: 2,
    line: 1,
    column: 2,
  }, {
    kind: "eof",
    value: "",
    start: 2,
    end: 2,
    line: 1,
    column: 3,
  }
]
Tokenizing obj 2...
parsed: {
  "kind": "object",
  "properties": [
    {
      "key": "name",
      "optional": false,
      "value": {
        "kind": "primitive",
        "name": "string"
      }
    },
    {
      "key": "age",
      "optional": true,
      "value": {
        "kind": "primitive",
        "name": "number"
      }
    }
  ]
}
DONE!
